<?xml version="1.0" encoding="UTF-8"?>
<testng-results total="2" passed="2" failed="0" skipped="0">
  <reporter-output>
  </reporter-output>
  <suite started-at="2021-06-24T05:18:16Z" name="Suite1" finished-at="2021-06-24T05:18:41Z" duration-ms="24884">
    <groups>
    </groups>
    <test started-at="2021-06-24T05:18:16Z" name="Nopackage" finished-at="2021-06-24T05:18:41Z" duration-ms="24884">
      <class name="com.hrms.testscripts.TC001">
        <test-method signature="tc001()[pri:0, instance:com.hrms.testscripts.TC001@f627d13]" started-at="2021-06-24T10:48:16Z" name="tc001" finished-at="2021-06-24T10:48:29Z" duration-ms="13045" status="PASS">
          <reporter-output>
          </reporter-output>
        </test-method> <!-- tc001 -->
      </class> <!-- com.hrms.testscripts.TC001 -->
      <class name="com.hrms.testscripts.TC002">
        <test-method signature="tc002()[pri:0, instance:com.hrms.testscripts.TC002@7a3793c7]" started-at="2021-06-24T10:48:29Z" name="tc002" finished-at="2021-06-24T10:48:41Z" duration-ms="11813" status="PASS">
          <reporter-output>
          </reporter-output>
        </test-method> <!-- tc002 -->
      </class> <!-- com.hrms.testscripts.TC002 -->
    </test> <!-- Nopackage -->
  </suite> <!-- Suite1 -->
</testng-results>
