<?xml version="1.0" encoding="UTF-8"?>
<testng-results total="1" passed="1" failed="0" skipped="0">
  <reporter-output>
  </reporter-output>
  <suite started-at="2021-07-17T12:11:03Z" name="Default suite" finished-at="2021-07-17T12:11:28Z" duration-ms="25288">
    <groups>
    </groups>
    <test started-at="2021-07-17T12:11:03Z" name="Default test" finished-at="2021-07-17T12:11:28Z" duration-ms="25288">
      <class name="com.hrms.testscripts.TC001">
        <test-method signature="tc001()[pri:0, instance:com.hrms.testscripts.TC001@6ea2bc93]" started-at="2021-07-17T17:41:03Z" name="tc001" finished-at="2021-07-17T17:41:28Z" duration-ms="25264" status="PASS">
          <reporter-output>
          </reporter-output>
        </test-method> <!-- tc001 -->
      </class> <!-- com.hrms.testscripts.TC001 -->
    </test> <!-- Default test -->
  </suite> <!-- Default suite -->
</testng-results>
